Arguments: 
  /Users/azhao/.nvm/versions/node/v16.15.1/bin/node /usr/local/Cellar/yarn/1.22.19/libexec/bin/yarn.js add @react/react-spectrum

PATH: 
  /Users/azhao/.nvm/versions/node/v16.15.1/bin:/Users/azhao/.nvm/versions/node/v18.18.2/bin:/Users/azhao/.pyenv/shims:/Users/azhao/.tgenv/bin:/Users/azhao/.nvm/versions/node/v16.15.1/bin:/Users/azhao/.magento-cloud/bin:/Users/azhao/.jenv/shims:/Users/azhao/.jenv/shims:/Users/azhao/.jenv/bin:/usr/local/opt/openjdk/bin:/usr/local/opt/terraform@0.12/bin:/usr/local/bin:/Users/azhao/.serverless/bin:/usr/local/bin:/System/Cryptexes/App/usr/bin:/usr/bin:/bin:/usr/sbin:/sbin:/Library/Apple/usr/bin:/Users/azhao/.tgenv/bin:/Users/azhao/.nvm/versions/node/v16.15.1/bin:/Users/azhao/.magento-cloud/bin:/Users/azhao/.jenv/shims:/Users/azhao/.jenv/bin:/usr/local/opt/openjdk/bin:/usr/local/opt/terraform@0.12/bin:/Users/azhao/.serverless/bin

Yarn version: 
  1.22.19

Node version: 
  16.15.1

Platform: 
  darwin x64

Trace: 
  Error: https://registry.yarnpkg.com/@react%2freact-spectrum: Not found
      at Request.params.callback [as _callback] (/usr/local/Cellar/yarn/1.22.19/libexec/lib/cli.js:66145:18)
      at Request.self.callback (/usr/local/Cellar/yarn/1.22.19/libexec/lib/cli.js:140890:22)
      at Request.emit (node:events:527:28)
      at Request.<anonymous> (/usr/local/Cellar/yarn/1.22.19/libexec/lib/cli.js:141862:10)
      at Request.emit (node:events:527:28)
      at IncomingMessage.<anonymous> (/usr/local/Cellar/yarn/1.22.19/libexec/lib/cli.js:141784:12)
      at Object.onceWrapper (node:events:641:28)
      at IncomingMessage.emit (node:events:539:35)
      at endReadableNT (node:internal/streams/readable:1345:12)
      at processTicksAndRejections (node:internal/process/task_queues:83:21)

npm manifest: 
  {
    "name": "185BrownOrca",
    "version": "0.0.1",
    "private": true,
    "dependencies": {
      "@adobe/aem-cf-admin-ui-ext-tpl": "^1.0.0-beta.23",
      "@adobe/aio-lib-core-networking": "^5.0.0",
      "@adobe/aio-lib-ims": "^7.0.0",
      "@adobe/aio-sdk": "^3.0.0",
      "@adobe/exc-app": "^0.2.21",
      "@adobe/react-spectrum": "^3.4.0",
      "@adobe/uix-guest": "^0.8.0",
      "@react-spectrum/list": "^3.0.0-rc.0",
      "@spectrum-icons/workflow": "^3.2.0",
      "chalk": "^4",
      "core-js": "^3.6.4",
      "node-fetch": "^2.6.0",
      "node-html-parser": "^5.4.2-0",
      "react": "^16.13.1",
      "react-dom": "^16.13.1",
      "react-error-boundary": "^1.2.5",
      "react-router-dom": "^6.3.0",
      "regenerator-runtime": "^0.13.5"
    },
    "devDependencies": {
      "@babel/core": "^7.8.7",
      "@babel/plugin-transform-react-jsx": "^7.8.3",
      "@babel/polyfill": "^7.8.7",
      "@babel/preset-env": "^7.8.7",
      "@openwhisk/wskdebug": "^1.3.0",
      "jest": "^27.2.4"
    },
    "scripts": {
      "test": "jest --passWithNoTests ./test",
      "e2e": "jest --collectCoverage=false --testRegex ./e2e"
    },
    "description": "Adding a button to the action bar in AEM Content Fragment Console"
  }

yarn manifest: 
  No manifest

Lockfile: 
  No lockfile
